# JRE version: OpenJDK Runtime Environment (8.0_342-b07) (build 1.8.0_342-b07)
# Java VM: OpenJDK 64-Bit Server VM (25.342-b07 mixed mode bsd-amd64 compressed oops)
Heap:
 PSYoungGen      total 113664K, used 15659K [0x0000000795580000, 0x000000079e180000, 0x00000007c0000000)
  eden space 108544K, 9% used [0x0000000795580000,0x0000000795fcf0c8,0x000000079bf80000)
  from space 5120K, 99% used [0x000000079dc80000,0x000000079e17bc40,0x000000079e180000)
  to   space 5120K, 0% used [0x000000079d780000,0x000000079d780000,0x000000079dc80000)
 ParOldGen       total 57856K, used 18500K [0x0000000740000000, 0x0000000743880000, 0x0000000795580000)
  object space 57856K, 31% used [0x0000000740000000,0x0000000741211358,0x0000000743880000)
 Metaspace       used 31162K, capacity 32504K, committed 32640K, reserved 1077248K
  class space    used 4349K, capacity 4647K, committed 4736K, reserved 1048576K
GC Heap History (10 events):
Event: 0.850 GC heap before
{Heap before GC invocations=1 (full 0):
 PSYoungGen      total 38400K, used 33280K [0x0000000795580000, 0x0000000798000000, 0x00000007c0000000)
  eden space 33280K, 100% used [0x0000000795580000,0x0000000797600000,0x0000000797600000)
  from space 5120K, 0% used [0x0000000797b00000,0x0000000797b00000,0x0000000798000000)
  to   space 5120K, 0% used [0x0000000797600000,0x0000000797600000,0x0000000797b00000)
 ParOldGen       total 87552K, used 0K [0x0000000740000000, 0x0000000745580000, 0x0000000795580000)
  object space 87552K, 0% used [0x0000000740000000,0x0000000740000000,0x0000000745580000)
 Metaspace       used 10056K, capacity 10444K, committed 10624K, reserved 1058816K
  class space    used 1242K, capacity 1348K, committed 1408K, reserved 1048576K
Event: 0.868 GC heap after
Heap after GC invocations=1 (full 0):
 PSYoungGen      total 38400K, used 5112K [0x0000000795580000, 0x000000079a080000, 0x00000007c0000000)
  eden space 33280K, 0% used [0x0000000795580000,0x0000000795580000,0x0000000797600000)
  from space 5120K, 99% used [0x0000000797600000,0x0000000797afe368,0x0000000797b00000)
  to   space 5120K, 0% used [0x0000000799b80000,0x0000000799b80000,0x000000079a080000)
 ParOldGen       total 87552K, used 77K [0x0000000740000000, 0x0000000745580000, 0x0000000795580000)
  object space 87552K, 0% used [0x0000000740000000,0x0000000740013430,0x0000000745580000)
 Metaspace       used 10056K, capacity 10444K, committed 10624K, reserved 1058816K
  class space    used 1242K, capacity 1348K, committed 1408K, reserved 1048576K
}
Event: 1.304 GC heap before
{Heap before GC invocations=2 (full 0):
 PSYoungGen      total 38400K, used 38392K [0x0000000795580000, 0x000000079a080000, 0x00000007c0000000)
  eden space 33280K, 100% used [0x0000000795580000,0x0000000797600000,0x0000000797600000)
  from space 5120K, 99% used [0x0000000797600000,0x0000000797afe368,0x0000000797b00000)
  to   space 5120K, 0% used [0x0000000799b80000,0x0000000799b80000,0x000000079a080000)
 ParOldGen       total 87552K, used 77K [0x0000000740000000, 0x0000000745580000, 0x0000000795580000)
  object space 87552K, 0% used [0x0000000740000000,0x0000000740013430,0x0000000745580000)
 Metaspace       used 14804K, capacity 15212K, committed 15360K, reserved 1062912K
  class space    used 1840K, capacity 1984K, committed 2048K, reserved 1048576K
Event: 1.323 GC heap after
Heap after GC invocations=2 (full 0):
 PSYoungGen      total 71680K, used 5100K [0x0000000795580000, 0x000000079a080000, 0x00000007c0000000)
  eden space 66560K, 0% used [0x0000000795580000,0x0000000795580000,0x0000000799680000)
  from space 5120K, 99% used [0x0000000799b80000,0x000000079a07b368,0x000000079a080000)
  to   space 5120K, 0% used [0x0000000799680000,0x0000000799680000,0x0000000799b80000)
 ParOldGen       total 87552K, used 593K [0x0000000740000000, 0x0000000745580000, 0x0000000795580000)
  object space 87552K, 0% used [0x0000000740000000,0x0000000740094640,0x0000000745580000)
 Metaspace       used 14804K, capacity 15212K, committed 15360K, reserved 1062912K
  class space    used 1840K, capacity 1984K, committed 2048K, reserved 1048576K
}
Event: 2.114 GC heap before
{Heap before GC invocations=3 (full 0):
 PSYoungGen      total 71680K, used 40785K [0x0000000795580000, 0x000000079a080000, 0x00000007c0000000)
  eden space 66560K, 53% used [0x0000000795580000,0x00000007978590c8,0x0000000799680000)
  from space 5120K, 99% used [0x0000000799b80000,0x000000079a07b368,0x000000079a080000)
  to   space 5120K, 0% used [0x0000000799680000,0x0000000799680000,0x0000000799b80000)
 ParOldGen       total 87552K, used 593K [0x0000000740000000, 0x0000000745580000, 0x0000000795580000)
  object space 87552K, 0% used [0x0000000740000000,0x0000000740094640,0x0000000745580000)
 Metaspace       used 20530K, capacity 21208K, committed 21296K, reserved 1067008K
  class space    used 2731K, capacity 2907K, committed 2944K, reserved 1048576K
Event: 2.131 GC heap after
Heap after GC invocations=3 (full 0):
 PSYoungGen      total 71680K, used 5096K [0x0000000795580000, 0x000000079e180000, 0x00000007c0000000)
  eden space 66560K, 0% used [0x0000000795580000,0x0000000795580000,0x0000000799680000)
  from space 5120K, 99% used [0x0000000799680000,0x0000000799b7a128,0x0000000799b80000)
  to   space 5120K, 0% used [0x000000079dc80000,0x000000079dc80000,0x000000079e180000)
 ParOldGen       total 87552K, used 4784K [0x0000000740000000, 0x0000000745580000, 0x0000000795580000)
  object space 87552K, 5% used [0x0000000740000000,0x00000007404ac1c8,0x0000000745580000)
 Metaspace       used 20530K, capacity 21208K, committed 21296K, reserved 1067008K
  class space    used 2731K, capacity 2907K, committed 2944K, reserved 1048576K
}
Event: 2.131 GC heap before
{Heap before GC invocations=4 (full 1):
 PSYoungGen      total 71680K, used 5096K [0x0000000795580000, 0x000000079e180000, 0x00000007c0000000)
  eden space 66560K, 0% used [0x0000000795580000,0x0000000795580000,0x0000000799680000)
  from space 5120K, 99% used [0x0000000799680000,0x0000000799b7a128,0x0000000799b80000)
  to   space 5120K, 0% used [0x000000079dc80000,0x000000079dc80000,0x000000079e180000)
 ParOldGen       total 87552K, used 4784K [0x0000000740000000, 0x0000000745580000, 0x0000000795580000)
  object space 87552K, 5% used [0x0000000740000000,0x00000007404ac1c8,0x0000000745580000)
 Metaspace       used 20530K, capacity 21208K, committed 21296K, reserved 1067008K
  class space    used 2731K, capacity 2907K, committed 2944K, reserved 1048576K
Event: 2.159 GC heap after
Heap after GC invocations=4 (full 1):
 PSYoungGen      total 71680K, used 0K [0x0000000795580000, 0x000000079e180000, 0x00000007c0000000)
  eden space 66560K, 0% used [0x0000000795580000,0x0000000795580000,0x0000000799680000)
  from space 5120K, 0% used [0x0000000799680000,0x0000000799680000,0x0000000799b80000)
  to   space 5120K, 0% used [0x000000079dc80000,0x000000079dc80000,0x000000079e180000)
 ParOldGen       total 57856K, used 9074K [0x0000000740000000, 0x0000000743880000, 0x0000000795580000)
  object space 57856K, 15% used [0x0000000740000000,0x00000007408dc990,0x0000000743880000)
 Metaspace       used 20515K, capacity 21160K, committed 21296K, reserved 1067008K
  class space    used 2727K, capacity 2899K, committed 2944K, reserved 1048576K
}
Event: 21.119 GC heap before
{Heap before GC invocations=5 (full 1):
 PSYoungGen      total 71680K, used 62831K [0x0000000795580000, 0x000000079e180000, 0x00000007c0000000)
  eden space 66560K, 94% used [0x0000000795580000,0x00000007992dbde8,0x0000000799680000)
  from space 5120K, 0% used [0x0000000799680000,0x0000000799680000,0x0000000799b80000)
  to   space 5120K, 0% used [0x000000079dc80000,0x000000079dc80000,0x000000079e180000)
 ParOldGen       total 57856K, used 9074K [0x0000000740000000, 0x0000000743880000, 0x0000000795580000)
  object space 57856K, 15% used [0x0000000740000000,0x00000007408dc990,0x0000000743880000)
 Metaspace       used 31059K, capacity 32422K, committed 32640K, reserved 1077248K
  class space    used 4347K, capacity 4644K, committed 4736K, reserved 1048576K
Event: 21.142 GC heap after
Heap after GC invocations=5 (full 1):
 PSYoungGen      total 113664K, used 5103K [0x0000000795580000, 0x000000079e180000, 0x00000007c0000000)
  eden space 108544K, 0% used [0x0000000795580000,0x0000000795580000,0x000000079bf80000)
  from space 5120K, 99% used [0x000000079dc80000,0x000000079e17bc40,0x000000079e180000)
  to   space 5120K, 0% used [0x000000079d780000,0x000000079d780000,0x000000079dc80000)
 ParOldGen       total 57856K, used 18500K [0x0000000740000000, 0x0000000743880000, 0x0000000795580000)
  object space 57856K, 31% used [0x0000000740000000,0x0000000741211358,0x0000000743880000)
 Metaspace       used 31059K, capacity 32422K, committed 32640K, reserved 1077248K
  class space    used 4347K, capacity 4644K, committed 4736K, reserved 1048576K
}

